[DEVICE_PROVISIONED]: [1]
[audio.eagle_driver_is_ready]: [0]
[audio.enable_hpx.stage2]: [0]
[dalvik.vm.heapgrowthlimit]: [384m]
[dalvik.vm.heapmaxfree]: [8m]
[dalvik.vm.heapminfree]: [2m]
[dalvik.vm.heapsize]: [768m]
[dalvik.vm.heapstartsize]: [8m]
[dalvik.vm.heaptargetutilization]: [0.75]
[dalvik.vm.stack-trace-file]: [/data/anr/traces.txt]
[debug.composition.type]: [c2d]
[debug.egl.hw]: [1]
[debug.hwui.disable_draw_defer]: [true]
[debug.hwui.render_dirty_regions]: [false]
[debug.mdpcomp.logs]: [0]
[debug.sf.hw]: [1]
[dev.bootcomplete]: [1]
[dev.pm.dyn_samplingrate]: [1]
[dhcp.wlan0.dns1]: [192.168.2.201]
[dhcp.wlan0.dns2]: [8.8.8.8]
[dhcp.wlan0.dns3]: []
[dhcp.wlan0.dns4]: []
[dhcp.wlan0.domain]: []
[dhcp.wlan0.gateway]: [192.168.10.254]
[dhcp.wlan0.ipaddress]: [192.168.8.193]
[dhcp.wlan0.leasetime]: [7200]
[dhcp.wlan0.mask]: [255.255.252.0]
[dhcp.wlan0.pid]: [12241]
[dhcp.wlan0.reason]: [REBOOT]
[dhcp.wlan0.result]: [ok]
[dhcp.wlan0.server]: [192.168.2.114]
[dhcp.wlan0.vendorInfo]: []
[dolby.audio.sink.info]: [speaker]
[external_sd_path]: [/storage/sdcard0]
[gsm.apn.sim.operator.numeric]: [46001]
[gsm.current.phone-type]: [1]
[gsm.current.uemode]: [2]
[gsm.network.type]: [EDGE]
[gsm.operator.alpha]: [CHN-UNICOM]
[gsm.operator.iso-country]: [cn]
[gsm.operator.isroaming]: [false]
[gsm.operator.numeric]: [46001]
[gsm.sim.operator.alpha]: []
[gsm.sim.operator.iso-country]: [cn]
[gsm.sim.operator.numeric]: [46001]
[gsm.sim.state]: [READY]
[gsm.version.baseband]: [MDM8x74.2030120]
[gsm.version.ril-impl]: [Qualcomm RIL 1.0]
[hw.cabl.level]: [Auto]
[hw.cabl.version]: [1.1.20130401]
[hw.cabl.yuv]: [1]
[hw.pp.cfg]: [/data/pp_data.cfg]
[init.svc.adbd]: [running]
[init.svc.atcid-daemon]: [stopped]
[init.svc.atfwd]: [stopped]
[init.svc.bbk_log]: [running]
[init.svc.bootanim]: [stopped]
[init.svc.cnd]: [running]
[init.svc.config_bluetooth]: [stopped]
[init.svc.debuggerd]: [running]
[init.svc.dhcpcd_wlan0]: [running]
[init.svc.drm]: [running]
[init.svc.dts_configurator]: [stopped]
[init.svc.flash_recovery]: [stopped]
[init.svc.gsiff_daemon]: [running]
[init.svc.ims_rtp_daemon]: [running]
[init.svc.imsdatadaemon]: [running]
[init.svc.imsqmidaemon]: [running]
[init.svc.installd]: [running]
[init.svc.iprenew_wlan0]: [stopped]
[init.svc.irsc_util]: [stopped]
[init.svc.iss_daemon]: [running]
[init.svc.keystore]: [running]
[init.svc.media]: [running]
[init.svc.mpdecision]: [running]
[init.svc.netd]: [running]
[init.svc.netmgrd]: [running]
[init.svc.p2p_supplicant]: [running]
[init.svc.ppd]: [running]
[init.svc.qcamerasvr]: [running]
[init.svc.qcom-c_core-sh]: [stopped]
[init.svc.qcom-c_main-sh]: [stopped]
[init.svc.qcom-post-boot]: [stopped]
[init.svc.qcom-sh]: [stopped]
[init.svc.qcom-usb-sh]: [stopped]
[init.svc.qgesturesvr]: [stopped]
[init.svc.qmitest]: [running]
[init.svc.qmuxd]: [running]
[init.svc.qseecomd]: [running]
[init.svc.ril-daemon]: [running]
[init.svc.ril-qmi]: [stopped]
[init.svc.rmt_storage]: [running]
[init.svc.security-check1]: [stopped]
[init.svc.security-check2]: [stopped]
[init.svc.sensors]: [running]
[init.svc.servicemanager]: [running]
[init.svc.ssr_diag]: [running]
[init.svc.surfaceflinger]: [running]
[init.svc.thermal-engine]: [running]
[init.svc.time_daemon]: [running]
[init.svc.ueventd]: [running]
[init.svc.usf-post-boot]: [stopped]
[init.svc.vivo_daemon]: [running]
[init.svc.vivo_em_svr]: [running]
[init.svc.vold]: [running]
[init.svc.wcnss-service]: [running]
[init.svc.wifi-crda]: [stopped]
[init.svc.zygote]: [running]
[internal_sd_path]: [/storage/sdcard0]
[keyguard.no_require_sim]: [true]
[lpa.decode]: [false]
[lpa.use-stagefright]: [true]
[media.aac_51_output_enabled]: [true]
[media.stagefright.enable-aac]: [true]
[media.stagefright.enable-fma2dp]: [true]
[media.stagefright.enable-http]: [true]
[media.stagefright.enable-player]: [true]
[media.stagefright.enable-qcp]: [true]
[media.stagefright.enable-scan]: [true]
[mm.enable.qcom_parser]: [37491]
[mm.enable.smoothstreaming]: [true]
[mmp.enable.3g2]: [true]
[net.bt.name]: [Android]
[net.change]: [net.dns2]
[net.dns.cache_size]: [512]
[net.dns.cache_ttl]: [600]
[net.dns1]: [192.168.2.201]
[net.dns2]: [8.8.8.8]
[net.hostname]: [android-74b71c753afabfe1]
[net.http.getzip]: [1]
[net.http.idle_cache.shutdown]: [true]
[net.http.idle_cache.size]: [40]
[net.http.threads]: [10]
[net.nw.cache.orderby]: [weight]
[net.nw.cache.prioadvstep]: [86400000]
[net.nw.cache.weightadvstep]: [3600000]
[net.qtaguid_enabled]: [1]
[net.tcp.buffersize.default]: [4096,87380,110208,4096,16384,110208]
[net.tcp.buffersize.edge]: [4093,26280,35040,4096,16384,35040]
[net.tcp.buffersize.evdo]: [4094,87380,262144,4096,16384,262144]
[net.tcp.buffersize.gprs]: [4092,8760,11680,4096,8760,11680]
[net.tcp.buffersize.hsdpa]: [4094,87380,1220608,4096,16384,1220608]
[net.tcp.buffersize.hspa]: [4094,87380,1220608,4096,16384,1220608]
[net.tcp.buffersize.hspap]: [4094,87380,1220608,4096,16384,1220608]
[net.tcp.buffersize.hsupa]: [4094,87380,1220608,4096,16384,1220608]
[net.tcp.buffersize.lte]: [524288,1048576,2097152,262144,524288,1048576]
[net.tcp.buffersize.umts]: [4094,87380,110208,4096,16384,110208]
[net.tcp.buffersize.wifi]: [524288,2097152,4194304,262144,524288,1048576]
[net.webkit.cache.maxdeadsize]: [4194304]
[net.webkit.cache.mindeadsize]: [4194304]
[net.webkit.cache.size]: [12582912]
[nurenderer.direct.pcm]: [true]
[persist.cne.feature]: [1]
[persist.data.netmgrd.qos.enable]: [true]
[persist.data.tcpackprio.enable]: [true]
[persist.debug.wfd.enable]: [1]
[persist.demo.hdmirotationlock]: [false]
[persist.fuse_sdcard]: [true]
[persist.gps.qc_nlp_in_use]: [1]
[persist.hwc.mdpcomp.enable]: [true]
[persist.loc.nlp_name]: [com.amap.android.location]
[persist.radio.adb_log_on]: [0]
[persist.radio.airplane_mode_on]: [0]
[persist.radio.apm_sim_not_pwdn]: [1]
[persist.radio.browser.api]: [200002]
[persist.radio.dont_use_dsd]: [false]
[persist.radio.eons.enabled]: [false]
[persist.radio.mt_sms_ack]: [30]
[persist.rild.nitz_long_ons_0]: []
[persist.rild.nitz_long_ons_1]: []
[persist.rild.nitz_long_ons_2]: []
[persist.rild.nitz_long_ons_3]: []
[persist.rild.nitz_plmn]: []
[persist.rild.nitz_short_ons_0]: []
[persist.rild.nitz_short_ons_1]: []
[persist.rild.nitz_short_ons_2]: []
[persist.rild.nitz_short_ons_3]: []
[persist.service.atci.usermode]: [0]
[persist.service.bdroid.bdaddr]: [22:22:77:3c:d1:fb]
[persist.speaker.prot.enable]: [false]
[persist.sys.barcode]: [
]
[persist.sys.base_threshold_prox]: [600]
[persist.sys.bbkem]: [0]
[persist.sys.bbklog.order]: [18]
[persist.sys.bootup]: [15]
[persist.sys.cnd.iwlan]: [1]
[persist.sys.country]: [CN]
[persist.sys.delete_pkg_name]: []
[persist.sys.dloadmode]: [0]
[persist.sys.headset]: [0]
[persist.sys.is_bbk_log]: [2]
[persist.sys.is_root]: [1]
[persist.sys.language]: [zh]
[persist.sys.light_threshold]: [500]
[persist.sys.localevar]: []
[persist.sys.net_log]: [1]
[persist.sys.profiler_ms]: [0]
[persist.sys.rtc]: [com.android.BBKCrontab]
[persist.sys.strict_op_enable]: [false]
[persist.sys.timezone]: [Asia/Shanghai]
[persist.sys.tmp_base_thres_prox]: [660]
[persist.sys.usb.config]: [adb]
[persist.sys.wfd.virtual]: [0]
[persist.sys.whitelist]: [/system/etc/whitelist_appops.xml]
[persist.timed.enable]: [true]
[persist.vivo.phone.color]: [BLUE]
[persist.vivo.phone.hall]: [Have_hall]
[persist.vivo.phone.holster]: [Have_holster_with_window]
[persist.vivo.product.cust.list]: [CN-YD]
[persist.vivo.radio.type.abbr]: [L]
[persist.vivo.radio.type.list]: [TD-SCDMA,WCDMA,TD-LTE,FDD-LTE]
[qcom.audio.init]: [complete]
[qcom.hw.aac.encoder]: [true]
[ril.ecclist]: [911,*911,#911,112]
[ril.qcril_pre_init_lock_held]: [0]
[ril.sim.pin1.retries]: [3]
[ril.sim.puk1.retries]: [10]
[ril.subscription.types]: [NV,RUIM]
[rild.libargs]: [-d /dev/smd0]
[rild.libpath]: [/vendor/lib/libril-qc-qmi-1.so]
[ro.allow.mock.location]: [0]
[ro.baseband]: [msm]
[ro.bluetooth.hfp.ver]: [1.6]
[ro.board.bbk]: [MA]
[ro.board.platform]: [msm8974]
[ro.boot.baseband]: [msm]
[ro.boot.emmc]: [true]
[ro.boot.hardware]: [qcom]
[ro.boot.serialno]: [57142435]
[ro.bootloader]: [unknown]
[ro.bootmode]: [unknown]
[ro.build.characteristics]: [nosdcard]
[ro.build.date.utc]: [1394624542]
[ro.build.date]: [2014年 03月 12日 星期三 19:42:22 CST]
[ro.build.description]: [msm8974-user 4.3 JLS36C 12 test-keys]
[ro.build.display.id]: [JLS36C]
[ro.build.fingerprint]: [vivo/msm8974/msm8974:4.3/JLS36C/12:user/test-keys]
[ro.build.host]: [compiler019]
[ro.build.id]: [JLS36C]
[ro.build.netaccess.version]: [PD1303_A_1.17.1]
[ro.build.product]: [msm8974]
[ro.build.tags]: [test-keys]
[ro.build.type]: [user]
[ro.build.user]: [compiler]
[ro.build.version.bbk]: [PD1303_A_1.17.1]
[ro.build.version.codename]: [REL]
[ro.build.version.incremental]: [12]
[ro.build.version.release]: [4.3]
[ro.build.version.sdk]: [18]
[ro.carrier]: [unknown]
[ro.com.android.dataroaming]: [false]
[ro.com.android.dateformat]: [MM-dd-yyyy]
[ro.config.alarm_alert]: [Alarm_Morning.ogg]
[ro.config.message_sound]: [Message_01.ogg]
[ro.config.notification_sound]: [Notice.ogg]
[ro.config.ringtone]: [XtremeTone.ogg]
[ro.crypto.state]: [unencrypted]
[ro.data.large_tcp_window_size]: [true]
[ro.debuggable]: [0]
[ro.factorytest]: [0]
[ro.fuse_sdcard]: [true]
[ro.gps.agps_provider]: [1]
[ro.hardware.bbk]: [PD1303MA]
[ro.hardware]: [qcom]
[ro.hdmi.enable]: [true]
[ro.kernel.android.checkjni]: [0]
[ro.nfc.port]: [I2C]
[ro.opengles.version]: [196608]
[ro.product.board]: [MSM8974]
[ro.product.brand]: [vivo]
[ro.product.cpu.abi2]: [armeabi]
[ro.product.cpu.abi]: [armeabi-v7a]
[ro.product.device]: [msm8974]
[ro.product.dmtklog]: [true]
[ro.product.locale.language]: [zh]
[ro.product.locale.region]: [CN]
[ro.product.manufacturer]: [BBK]
[ro.product.model.bbk]: [PD1303]
[ro.product.model]: [vivo Xplay3S]
[ro.product.name]: [msm8974]
[ro.product.net.entry.bbk]: [no]
[ro.qc.sdk.audio.fluencetype]: [fluence]
[ro.qc.sdk.audio.ssr]: [false]
[ro.qc.sdk.camera.facialproc]: [false]
[ro.qc.sdk.gestures.camera]: [false]
[ro.qc.sdk.izat.premium_enabled]: [0]
[ro.qc.sdk.izat.service_mask]: [0]
[ro.qc.sdk.sensors.gestures]: [true]
[ro.qualcomm.bluetooth.dun]: [true]
[ro.qualcomm.bluetooth.ftp]: [true]
[ro.qualcomm.bluetooth.hfp]: [true]
[ro.qualcomm.bluetooth.hsp]: [true]
[ro.qualcomm.bluetooth.map]: [true]
[ro.qualcomm.bluetooth.nap]: [true]
[ro.qualcomm.bluetooth.opp]: [true]
[ro.qualcomm.bluetooth.pbap]: [true]
[ro.qualcomm.bluetooth.sap]: [true]
[ro.qualcomm.bt.hci_transport]: [smd]
[ro.qualcomm.cabl]: [1]
[ro.revision]: [0]
[ro.ril.svdo]: [false]
[ro.ril.svlte1x]: [true]
[ro.runtime.firstboot]: [1398207089667]
[ro.secure]: [1]
[ro.serialno]: [57142435]
[ro.sf.lcd_density]: [640]
[ro.telephony.call_ring.multiple]: [false]
[ro.telephony.default_network]: [1]
[ro.use_data_netmgrd]: [true]
[ro.vendor.extension_library]: [/vendor/lib/libqc-opt.so]
[ro.vivo.board.version]: [MA]
[ro.vivo.hardware.version]: [PD1303MA]
[ro.vivo.lcm.xhd]: [QDHD]
[ro.vivo.net.entry]: [no]
[ro.vivo.op.entry]: [no]
[ro.vivo.os.name]: [Funtouch]
[ro.vivo.os.version]: [OS_0.0]
[ro.vivo.product.model]: [PD1303]
[ro.vivo.product.platform]: [QCOM8974AB]
[ro.vivo.product.solution]: [QCOM]
[ro.vivo.product.version]: [PD1303_A_1.17.1]
[ro.vivo.rom.version]: [rom_1.0]
[ro.vivo.rom]: [rom_1.0]
[ro.wifi.channels]: []
[service.adb.root]: [1]
[service.bootanim.exit]: [1]
[sys.bbk.phonecolor]: [0]
[sys.boot_completed]: [1]
[sys.ims.DATA_DAEMON_STATUS]: [1]
[sys.ims.QMI_DAEMON_STATUS]: [1]
[sys.media.vdec.sw]: [0]
[sys.settings_global_version]: [1]
[sys.settings_secure_version]: [1]
[sys.settings_system_version]: [71]
[sys.thermal.game]: [nor]
[sys.usb.config]: [adb]
[sys.usb.state]: [adb]
[sys.vivo.3g.nomal]: [1]
[sys.vivo.radio.mode]: [1]
[sys.vivo.sd.path.internel]: [/storage/sdcard0]
[sys.vivo.sd.state.internel]: [mounted]
[system_init.startsurfaceflinger]: [0]
[telephony.lteOnCdmaDevice]: [0]
[tunnel.audio.encode]: [true]
[tunnel.audiovideo.decode]: [true]
[tunnel.decode.pcm]: [true]
[tunnel.decode]: [true]
[tunnel.multiple]: [true]
[tunnel.vivo.camera.hdrmode]: [off]
[use.dts_eagle]: [true]
[use.dts_m6]: [true]
[use.dts_m6_notify]: [true]
[vidc.debug.level]: [1]
[vold.post_fs_data_done]: [1]
[wifi.interface]: [wlan0]
[wlan.crda.country]: [00]
[wlan.driver.ath]: [0]
[wlan.driver.config]: [/data/misc/wifi/WCNSS_qcom_cfg.ini]
[wlan.driver.status]: [ok]
